[08-Nov-2015 16:10:48 UTC] PHP Warning:  mysql_connect(): Can't connect to local MySQL server through socket '/var/lib/mysql/mysql.sock' (2) in /srv/www/cyzerg/public_html/wp-includes/wp-db.php on line 1192
[08-Nov-2015 16:12:00 UTC] PHP Warning:  mysql_connect(): Can't connect to local MySQL server through socket '/var/lib/mysql/mysql.sock' (2) in /srv/www/cyzerg/public_html/wp-includes/wp-db.php on line 1192
[08-Nov-2015 16:12:30 UTC] PHP Warning:  mysql_connect(): Can't connect to local MySQL server through socket '/var/lib/mysql/mysql.sock' (2) in /srv/www/cyzerg/public_html/wp-includes/wp-db.php on line 1192
[08-Nov-2015 16:13:30 UTC] PHP Warning:  mysql_connect(): Can't connect to local MySQL server through socket '/var/lib/mysql/mysql.sock' (2) in /srv/www/cyzerg/public_html/wp-includes/wp-db.php on line 1192
[08-Nov-2015 16:14:15 UTC] PHP Warning:  mysql_connect(): Can't connect to local MySQL server through socket '/var/lib/mysql/mysql.sock' (2) in /srv/www/cyzerg/public_html/wp-includes/wp-db.php on line 1192
[08-Nov-2015 16:14:15 UTC] PHP Warning:  mysql_connect(): Can't connect to local MySQL server through socket '/var/lib/mysql/mysql.sock' (2) in /srv/www/cyzerg/public_html/wp-includes/wp-db.php on line 1192
[08-Nov-2015 16:14:17 UTC] PHP Warning:  mysql_connect(): Can't connect to local MySQL server through socket '/var/lib/mysql/mysql.sock' (2) in /srv/www/cyzerg/public_html/wp-includes/wp-db.php on line 1192
[08-Nov-2015 16:15:36 UTC] PHP Warning:  mysql_connect(): Can't connect to local MySQL server through socket '/var/lib/mysql/mysql.sock' (2) in /srv/www/cyzerg/public_html/wp-includes/wp-db.php on line 1192
[08-Nov-2015 16:30:47 UTC] PHP Notice:  Undefined index: comment_post_ID in /srv/www/cyzerg/public_html/wp-content/plugins/wp-super-cache/wp-cache-phase2.php on line 934
[08-Nov-2015 16:30:47 UTC] PHP Notice:  Undefined index: delete_all in /srv/www/cyzerg/public_html/wp-content/plugins/wp-super-cache/wp-cache-phase2.php on line 964
[08-Nov-2015 16:30:47 UTC] PHP Notice:  Undefined index: delete_all2 in /srv/www/cyzerg/public_html/wp-content/plugins/wp-super-cache/wp-cache-phase2.php on line 964
[08-Nov-2015 16:30:47 UTC] PHP Notice:  Undefined index: comment_post_ID in /srv/www/cyzerg/public_html/wp-content/plugins/wp-super-cache/wp-cache-phase2.php on line 934
[08-Nov-2015 16:30:47 UTC] PHP Notice:  Undefined index: delete_all in /srv/www/cyzerg/public_html/wp-content/plugins/wp-super-cache/wp-cache-phase2.php on line 964
[08-Nov-2015 16:30:47 UTC] PHP Notice:  Undefined index: delete_all2 in /srv/www/cyzerg/public_html/wp-content/plugins/wp-super-cache/wp-cache-phase2.php on line 964
[08-Nov-2015 16:30:47 UTC] PHP Notice:  Undefined index: comment_post_ID in /srv/www/cyzerg/public_html/wp-content/plugins/wp-super-cache/wp-cache-phase2.php on line 934
[08-Nov-2015 16:30:47 UTC] PHP Notice:  Undefined index: delete_all in /srv/www/cyzerg/public_html/wp-content/plugins/wp-super-cache/wp-cache-phase2.php on line 964
[08-Nov-2015 16:30:47 UTC] PHP Notice:  Undefined index: delete_all2 in /srv/www/cyzerg/public_html/wp-content/plugins/wp-super-cache/wp-cache-phase2.php on line 964
[08-Nov-2015 16:30:47 UTC] PHP Notice:  Undefined variable: POST_CATS in /srv/www/cyzerg/public_html/wp-content/plugins/arscode-ninja-popups/arscode-ninja-popups.php on line 1668
[08-Nov-2015 16:30:54 UTC] PHP Notice:  Undefined variable: POST_CATS in /srv/www/cyzerg/public_html/wp-content/plugins/arscode-ninja-popups/arscode-ninja-popups.php on line 1668
[08-Nov-2015 16:31:21 UTC] PHP Notice:  Undefined variable: page_slug in /srv/www/cyzerg/public_html/wp-content/themes/cyzerg/header.php on line 157
